\BOOKMARK [1][-]{section.1}{Introduction}{}
\BOOKMARK [1][-]{section.2}{Overview}{}
\BOOKMARK [1][-]{section.3}{Technical Background}{}
\BOOKMARK [1][-]{section.4}{Warping}{}
\BOOKMARK [1][-]{section.5}{Language}{}
\BOOKMARK [2][-]{subsection.5.1}{Running Example}{section.5}
\BOOKMARK [1][-]{section.6}{Static Computation of Warp Destinations}{}
\BOOKMARK [2][-]{subsection.6.1}{Abstract Domain}{section.6}
\BOOKMARK [2][-]{subsection.6.2}{Abstract Semantics}{section.6}
\BOOKMARK [2][-]{subsection.6.3}{Over-approximating Serialized Executions}{section.6}
\BOOKMARK [2][-]{subsection.6.4}{Extracting Possible Warping States}{section.6}
\BOOKMARK [2][-]{subsection.6.5}{Concrete state}{section.6}
\BOOKMARK [1][-]{section.7}{Dynamic Warping}{}
\BOOKMARK [1][-]{section.8}{Experimental results}{}
\BOOKMARK [2][-]{subsection.8.1}{Implementation}{section.8}
\BOOKMARK [1][-]{section.9}{Related work}{}
\BOOKMARK [1][-]{section.10}{Conclusion}{}
\BOOKMARK [1][-]{appendix.A}{First Sketch}{}
\BOOKMARK [1][-]{appendix.B}{Permuting the execution \205 previous}{}
\BOOKMARK [1][-]{appendix.C}{New ideas of the meeting on May, 2nd}{}
\BOOKMARK [2][-]{subsection.C.1}{Observational Equivalence}{appendix.C}
\BOOKMARK [2][-]{subsection.C.2}{Product of CFGs}{appendix.C}
\BOOKMARK [1][-]{appendix.D}{Cartesian product of transactions}{}
\BOOKMARK [2][-]{subsection.D.1}{Semantics}{appendix.D}
\BOOKMARK [2][-]{subsection.D.2}{Bad flows}{appendix.D}
\BOOKMARK [1][-]{appendix.E}{Concrete domain and semantics}{}
\BOOKMARK [2][-]{subsection.E.1}{Property}{appendix.E}
\BOOKMARK [2][-]{subsection.E.2}{Abstract domain and semantics}{appendix.E}
\BOOKMARK [1][-]{appendix.F}{Warping system}{}
\BOOKMARK [2][-]{subsection.F.1}{Observational Equivalence}{appendix.F}
\BOOKMARK [2][-]{subsection.F.2}{Trace Warping}{appendix.F}
\BOOKMARK [2][-]{subsection.F.3}{Abstract Trace Warping}{appendix.F}
\BOOKMARK [1][-]{appendix.G}{TVLA-based analysis}{}
\BOOKMARK [1][-]{appendix.H}{Instance of the warping system}{}
